# JRE version: OpenJDK Runtime Environment (7.0_91-b02) (build 1.7.0_91-b02)
# Java VM: OpenJDK 64-Bit Server VM (24.91-b01 mixed mode linux-amd64 compressed oops)
Heap
 def new generation   total 90304K, used 0K [0x00000000d6800000, 0x00000000dc9f0000, 0x00000000e0e00000)
  eden space 80320K,   0% used [0x00000000d6800000, 0x00000000d6800000, 0x00000000db670000)
  from space 9984K,   0% used [0x00000000db670000, 0x00000000db670000, 0x00000000dc030000)
  to   space 9984K,   0% used [0x00000000dc030000, 0x00000000dc030000, 0x00000000dc9f0000)
 tenured generation   total 267656K, used 217406K [0x00000000e0e00000, 0x00000000f1362000, 0x00000000f5a00000)
   the space 267656K,  81% used [0x00000000e0e00000, 0x00000000ee24f968, 0x00000000ee24fa00, 0x00000000f1362000)
 compacting perm gen  total 21248K, used 2917K [0x00000000f5a00000, 0x00000000f6ec0000, 0x0000000100000000)
   the space 21248K,  13% used [0x00000000f5a00000, 0x00000000f5cd9560, 0x00000000f5cd9600, 0x00000000f6ec0000)
GC Heap History (10 events):
Event: 0.441 GC heap after
Heap after GC invocations=9 (full 3):
 def new generation   total 26944K, used 2944K [0x00000000d6800000, 0x00000000d8530000, 0x00000000e0e00000)
  eden space 24000K,   0% used [0x00000000d6800000, 0x00000000d6800000, 0x00000000d7f70000)
  from space 2944K, 100% used [0x00000000d8250000, 0x00000000d8530000, 0x00000000d8530000)
  to   space 2944K,   0% used [0x00000000d7f70000, 0x00000000d7f70000, 0x00000000d8250000)
 tenured generation   total 59704K, used 56875K [0x00000000e0e00000, 0x00000000e484e000, 0x00000000f5a00000)
   the space 59704K,  95% used [0x00000000e0e00000, 0x00000000e458af80, 0x00000000e458b000, 0x00000000e484e000)
 compacting perm gen  total 21248K, used 2918K [0x00000000f5a00000, 0x00000000f6ec0000, 0x0000000100000000)
   the space 21248K,  13% used [0x00000000f5a00000, 0x00000000f5cd9918, 0x00000000f5cd9a00, 0x00000000f6ec0000)
No shared spaces configured.
}
Event: 0.452 GC heap before
{Heap before GC invocations=9 (full 3):
 def new generation   total 26944K, used 26944K [0x00000000d6800000, 0x00000000d8530000, 0x00000000e0e00000)
  eden space 24000K, 100% used [0x00000000d6800000, 0x00000000d7f70000, 0x00000000d7f70000)
  from space 2944K, 100% used [0x00000000d8250000, 0x00000000d8530000, 0x00000000d8530000)
  to   space 2944K,   0% used [0x00000000d7f70000, 0x00000000d7f70000, 0x00000000d8250000)
 tenured generation   total 59704K, used 56875K [0x00000000e0e00000, 0x00000000e484e000, 0x00000000f5a00000)
   the space 59704K,  95% used [0x00000000e0e00000, 0x00000000e458af80, 0x00000000e458b000, 0x00000000e484e000)
 compacting perm gen  total 21248K, used 2918K [0x00000000f5a00000, 0x00000000f6ec0000, 0x0000000100000000)
   the space 21248K,  13% used [0x00000000f5a00000, 0x00000000f5cd9918, 0x00000000f5cd9a00, 0x00000000f6ec0000)
No shared spaces configured.
Event: 0.622 GC heap after
Heap after GC invocations=10 (full 4):
 def new generation   total 49536K, used 0K [0x00000000d6800000, 0x00000000d9dc0000, 0x00000000e0e00000)
  eden space 44032K,   0% used [0x00000000d6800000, 0x00000000d6800000, 0x00000000d9300000)
  from space 5504K,   0% used [0x00000000d9300000, 0x00000000d9300000, 0x00000000d9860000)
  to   space 5504K,   0% used [0x00000000d9860000, 0x00000000d9860000, 0x00000000d9dc0000)
 tenured generation   total 110028K, used 66014K [0x00000000e0e00000, 0x00000000e7973000, 0x00000000f5a00000)
   the space 110028K,  59% used [0x00000000e0e00000, 0x00000000e4e779d0, 0x00000000e4e77a00, 0x00000000e7973000)
 compacting perm gen  total 21248K, used 2917K [0x00000000f5a00000, 0x00000000f6ec0000, 0x0000000100000000)
   the space 21248K,  13% used [0x00000000f5a00000, 0x00000000f5cd9560, 0x00000000f5cd9600, 0x00000000f6ec0000)
No shared spaces configured.
}
Event: 0.648 GC heap before
{Heap before GC invocations=10 (full 4):
 def new generation   total 49536K, used 44032K [0x00000000d6800000, 0x00000000d9dc0000, 0x00000000e0e00000)
  eden space 44032K, 100% used [0x00000000d6800000, 0x00000000d9300000, 0x00000000d9300000)
  from space 5504K,   0% used [0x00000000d9300000, 0x00000000d9300000, 0x00000000d9860000)
  to   space 5504K,   0% used [0x00000000d9860000, 0x00000000d9860000, 0x00000000d9dc0000)
 tenured generation   total 110028K, used 66014K [0x00000000e0e00000, 0x00000000e7973000, 0x00000000f5a00000)
   the space 110028K,  59% used [0x00000000e0e00000, 0x00000000e4e779d0, 0x00000000e4e77a00, 0x00000000e7973000)
 compacting perm gen  total 21248K, used 2917K [0x00000000f5a00000, 0x00000000f6ec0000, 0x0000000100000000)
   the space 21248K,  13% used [0x00000000f5a00000, 0x00000000f5cd9560, 0x00000000f5cd9600, 0x00000000f6ec0000)
No shared spaces configured.
Event: 0.706 GC heap after
Heap after GC invocations=11 (full 4):
 def new generation   total 49536K, used 5504K [0x00000000d6800000, 0x00000000d9dc0000, 0x00000000e0e00000)
  eden space 44032K,   0% used [0x00000000d6800000, 0x00000000d6800000, 0x00000000d9300000)
  from space 5504K, 100% used [0x00000000d9860000, 0x00000000d9dc0000, 0x00000000d9dc0000)
  to   space 5504K,   0% used [0x00000000d9300000, 0x00000000d9300000, 0x00000000d9860000)
 tenured generation   total 110028K, used 104541K [0x00000000e0e00000, 0x00000000e7973000, 0x00000000f5a00000)
   the space 110028K,  95% used [0x00000000e0e00000, 0x00000000e74175d0, 0x00000000e7417600, 0x00000000e7973000)
 compacting perm gen  total 21248K, used 2917K [0x00000000f5a00000, 0x00000000f6ec0000, 0x0000000100000000)
   the space 21248K,  13% used [0x00000000f5a00000, 0x00000000f5cd9560, 0x00000000f5cd9600, 0x00000000f6ec0000)
No shared spaces configured.
}
Event: 0.732 GC heap before
{Heap before GC invocations=11 (full 4):
 def new generation   total 49536K, used 32200K [0x00000000d6800000, 0x00000000d9dc0000, 0x00000000e0e00000)
  eden space 44032K,  60% used [0x00000000d6800000, 0x00000000d8212088, 0x00000000d9300000)
  from space 5504K, 100% used [0x00000000d9860000, 0x00000000d9dc0000, 0x00000000d9dc0000)
  to   space 5504K,   0% used [0x00000000d9300000, 0x00000000d9300000, 0x00000000d9860000)
 tenured generation   total 110028K, used 104541K [0x00000000e0e00000, 0x00000000e7973000, 0x00000000f5a00000)
   the space 110028K,  95% used [0x00000000e0e00000, 0x00000000e74175d0, 0x00000000e7417600, 0x00000000e7973000)
 compacting perm gen  total 21248K, used 2917K [0x00000000f5a00000, 0x00000000f6ec0000, 0x0000000100000000)
   the space 21248K,  13% used [0x00000000f5a00000, 0x00000000f5cd9560, 0x00000000f5cd9600, 0x00000000f6ec0000)
No shared spaces configured.
Event: 1.061 GC heap after
Heap after GC invocations=12 (full 5):
 def new generation   total 90304K, used 0K [0x00000000d6800000, 0x00000000dc9f0000, 0x00000000e0e00000)
  eden space 80320K,   0% used [0x00000000d6800000, 0x00000000d6800000, 0x00000000db670000)
  from space 9984K,   0% used [0x00000000db670000, 0x00000000db670000, 0x00000000dc030000)
  to   space 9984K,   0% used [0x00000000dc030000, 0x00000000dc030000, 0x00000000dc9f0000)
 tenured generation   total 200516K, used 120308K [0x00000000e0e00000, 0x00000000ed1d1000, 0x00000000f5a00000)
   the space 200516K,  59% used [0x00000000e0e00000, 0x00000000e837d190, 0x00000000e837d200, 0x00000000ed1d1000)
 compacting perm gen  total 21248K, used 2917K [0x00000000f5a00000, 0x00000000f6ec0000, 0x0000000100000000)
   the space 21248K,  13% used [0x00000000f5a00000, 0x00000000f5cd9560, 0x00000000f5cd9600, 0x00000000f6ec0000)
No shared spaces configured.
}
Event: 1.116 GC heap before
{Heap before GC invocations=12 (full 5):
 def new generation   total 90304K, used 80320K [0x00000000d6800000, 0x00000000dc9f0000, 0x00000000e0e00000)
  eden space 80320K, 100% used [0x00000000d6800000, 0x00000000db670000, 0x00000000db670000)
  from space 9984K,   0% used [0x00000000db670000, 0x00000000db670000, 0x00000000dc030000)
  to   space 9984K,   0% used [0x00000000dc030000, 0x00000000dc030000, 0x00000000dc9f0000)
 tenured generation   total 200516K, used 120308K [0x00000000e0e00000, 0x00000000ed1d1000, 0x00000000f5a00000)
   the space 200516K,  59% used [0x00000000e0e00000, 0x00000000e837d190, 0x00000000e837d200, 0x00000000ed1d1000)
 compacting perm gen  total 21248K, used 2917K [0x00000000f5a00000, 0x00000000f6ec0000, 0x0000000100000000)
   the space 21248K,  13% used [0x00000000f5a00000, 0x00000000f5cd9560, 0x00000000f5cd9600, 0x00000000f6ec0000)
No shared spaces configured.
Event: 1.222 GC heap after
Heap after GC invocations=13 (full 5):
 def new generation   total 90304K, used 9984K [0x00000000d6800000, 0x00000000dc9f0000, 0x00000000e0e00000)
  eden space 80320K,   0% used [0x00000000d6800000, 0x00000000d6800000, 0x00000000db670000)
  from space 9984K, 100% used [0x00000000dc030000, 0x00000000dc9f0000, 0x00000000dc9f0000)
  to   space 9984K,   0% used [0x00000000db670000, 0x00000000db670000, 0x00000000dc030000)
 tenured generation   total 200516K, used 190643K [0x00000000e0e00000, 0x00000000ed1d1000, 0x00000000f5a00000)
   the space 200516K,  95% used [0x00000000e0e00000, 0x00000000ec82cdc0, 0x00000000ec82ce00, 0x00000000ed1d1000)
 compacting perm gen  total 21248K, used 2917K [0x00000000f5a00000, 0x00000000f6ec0000, 0x0000000100000000)
   the space 21248K,  13% used [0x00000000f5a00000, 0x00000000f5cd9560, 0x00000000f5cd9600, 0x00000000f6ec0000)
No shared spaces configured.
}
Event: 1.281 GC heap before
{Heap before GC invocations=13 (full 5):
 def new generation   total 90304K, used 90089K [0x00000000d6800000, 0x00000000dc9f0000, 0x00000000e0e00000)
  eden space 80320K,  99% used [0x00000000d6800000, 0x00000000db63a6d0, 0x00000000db670000)
  from space 9984K, 100% used [0x00000000dc030000, 0x00000000dc9f0000, 0x00000000dc9f0000)
  to   space 9984K,   0% used [0x00000000db670000, 0x00000000db670000, 0x00000000dc030000)
 tenured generation   total 200516K, used 190643K [0x00000000e0e00000, 0x00000000ed1d1000, 0x00000000f5a00000)
   the space 200516K,  95% used [0x00000000e0e00000, 0x00000000ec82cdc0, 0x00000000ec82ce00, 0x00000000ed1d1000)
 compacting perm gen  total 21248K, used 2917K [0x00000000f5a00000, 0x00000000f6ec0000, 0x0000000100000000)
   the space 21248K,  13% used [0x00000000f5a00000, 0x00000000f5cd9560, 0x00000000f5cd9600, 0x00000000f6ec0000)
No shared spaces configured.

