# JRE version: OpenJDK Runtime Environment (7.0_91-b02) (build 1.7.0_91-b02)
# Java VM: OpenJDK 64-Bit Server VM (24.91-b01 mixed mode linux-amd64 compressed oops)
Heap
 def new generation   total 102528K, used 0K [0x00000000d6800000, 0x00000000dd740000, 0x00000000e0e00000)
  eden space 91136K,   0% used [0x00000000d6800000, 0x00000000d6800000, 0x00000000dc100000)
  from space 11392K,   0% used [0x00000000dc100000, 0x00000000dc100000, 0x00000000dcc20000)
  to   space 11392K,   0% used [0x00000000dcc20000, 0x00000000dcc20000, 0x00000000dd740000)
 tenured generation   total 235808K, used 193187K [0x00000000e0e00000, 0x00000000ef448000, 0x00000000f5a00000)
   the space 235808K,  81% used [0x00000000e0e00000, 0x00000000ecaa8e48, 0x00000000ecaa9000, 0x00000000ef448000)
 compacting perm gen  total 21248K, used 3082K [0x00000000f5a00000, 0x00000000f6ec0000, 0x0000000100000000)
   the space 21248K,  14% used [0x00000000f5a00000, 0x00000000f5d02958, 0x00000000f5d02a00, 0x00000000f6ec0000)
GC Heap History (10 events):
Event: 195.318 GC heap after
Heap after GC invocations=577 (full 7):
 def new generation   total 102528K, used 103K [0x00000000d6800000, 0x00000000dd740000, 0x00000000e0e00000)
  eden space 91136K,   0% used [0x00000000d6800000, 0x00000000d6800000, 0x00000000dc100000)
  from space 11392K,   0% used [0x00000000dcc20000, 0x00000000dcc39d50, 0x00000000dd740000)
  to   space 11392K,   0% used [0x00000000dc100000, 0x00000000dc100000, 0x00000000dcc20000)
 tenured generation   total 227744K, used 225418K [0x00000000e0e00000, 0x00000000eec68000, 0x00000000f5a00000)
   the space 227744K,  98% used [0x00000000e0e00000, 0x00000000eea22b40, 0x00000000eea22c00, 0x00000000eec68000)
 compacting perm gen  total 21248K, used 3082K [0x00000000f5a00000, 0x00000000f6ec0000, 0x0000000100000000)
   the space 21248K,  14% used [0x00000000f5a00000, 0x00000000f5d029b8, 0x00000000f5d02a00, 0x00000000f6ec0000)
No shared spaces configured.
}
Event: 195.607 GC heap before
{Heap before GC invocations=577 (full 7):
 def new generation   total 102528K, used 91221K [0x00000000d6800000, 0x00000000dd740000, 0x00000000e0e00000)
  eden space 91136K,  99% used [0x00000000d6800000, 0x00000000dc0fb810, 0x00000000dc100000)
  from space 11392K,   0% used [0x00000000dcc20000, 0x00000000dcc39d50, 0x00000000dd740000)
  to   space 11392K,   0% used [0x00000000dc100000, 0x00000000dc100000, 0x00000000dcc20000)
 tenured generation   total 227744K, used 225418K [0x00000000e0e00000, 0x00000000eec68000, 0x00000000f5a00000)
   the space 227744K,  98% used [0x00000000e0e00000, 0x00000000eea22b40, 0x00000000eea22c00, 0x00000000eec68000)
 compacting perm gen  total 21248K, used 3082K [0x00000000f5a00000, 0x00000000f6ec0000, 0x0000000100000000)
   the space 21248K,  14% used [0x00000000f5a00000, 0x00000000f5d029b8, 0x00000000f5d02a00, 0x00000000f6ec0000)
No shared spaces configured.
Event: 195.610 GC heap after
Heap after GC invocations=578 (full 7):
 def new generation   total 102528K, used 3763K [0x00000000d6800000, 0x00000000dd740000, 0x00000000e0e00000)
  eden space 91136K,   0% used [0x00000000d6800000, 0x00000000d6800000, 0x00000000dc100000)
  from space 11392K,  33% used [0x00000000dc100000, 0x00000000dc4acc88, 0x00000000dcc20000)
  to   space 11392K,   0% used [0x00000000dcc20000, 0x00000000dcc20000, 0x00000000dd740000)
 tenured generation   total 227744K, used 225425K [0x00000000e0e00000, 0x00000000eec68000, 0x00000000f5a00000)
   the space 227744K,  98% used [0x00000000e0e00000, 0x00000000eea24650, 0x00000000eea24800, 0x00000000eec68000)
 compacting perm gen  total 21248K, used 3082K [0x00000000f5a00000, 0x00000000f6ec0000, 0x0000000100000000)
   the space 21248K,  14% used [0x00000000f5a00000, 0x00000000f5d029b8, 0x00000000f5d02a00, 0x00000000f6ec0000)
No shared spaces configured.
}
Event: 195.718 GC heap before
{Heap before GC invocations=578 (full 7):
 def new generation   total 102528K, used 92732K [0x00000000d6800000, 0x00000000dd740000, 0x00000000e0e00000)
  eden space 91136K,  97% used [0x00000000d6800000, 0x00000000dbee2668, 0x00000000dc100000)
  from space 11392K,  33% used [0x00000000dc100000, 0x00000000dc4acc88, 0x00000000dcc20000)
  to   space 11392K,   0% used [0x00000000dcc20000, 0x00000000dcc20000, 0x00000000dd740000)
 tenured generation   total 227744K, used 225425K [0x00000000e0e00000, 0x00000000eec68000, 0x00000000f5a00000)
   the space 227744K,  98% used [0x00000000e0e00000, 0x00000000eea24650, 0x00000000eea24800, 0x00000000eec68000)
 compacting perm gen  total 21248K, used 3082K [0x00000000f5a00000, 0x00000000f6ec0000, 0x0000000100000000)
   the space 21248K,  14% used [0x00000000f5a00000, 0x00000000f5d029b8, 0x00000000f5d02a00, 0x00000000f6ec0000)
No shared spaces configured.
Event: 195.719 GC heap after
Heap after GC invocations=579 (full 7):
 def new generation   total 102528K, used 93K [0x00000000d6800000, 0x00000000dd740000, 0x00000000e0e00000)
  eden space 91136K,   0% used [0x00000000d6800000, 0x00000000d6800000, 0x00000000dc100000)
  from space 11392K,   0% used [0x00000000dcc20000, 0x00000000dcc37458, 0x00000000dd740000)
  to   space 11392K,   0% used [0x00000000dc100000, 0x00000000dc100000, 0x00000000dcc20000)
 tenured generation   total 227744K, used 225432K [0x00000000e0e00000, 0x00000000eec68000, 0x00000000f5a00000)
   the space 227744K,  98% used [0x00000000e0e00000, 0x00000000eea262b8, 0x00000000eea26400, 0x00000000eec68000)
 compacting perm gen  total 21248K, used 3082K [0x00000000f5a00000, 0x00000000f6ec0000, 0x0000000100000000)
   the space 21248K,  14% used [0x00000000f5a00000, 0x00000000f5d029b8, 0x00000000f5d02a00, 0x00000000f6ec0000)
No shared spaces configured.
}
Event: 195.825 GC heap before
{Heap before GC invocations=579 (full 7):
 def new generation   total 102528K, used 88520K [0x00000000d6800000, 0x00000000dd740000, 0x00000000e0e00000)
  eden space 91136K,  97% used [0x00000000d6800000, 0x00000000dbe5ad58, 0x00000000dc100000)
  from space 11392K,   0% used [0x00000000dcc20000, 0x00000000dcc37458, 0x00000000dd740000)
  to   space 11392K,   0% used [0x00000000dc100000, 0x00000000dc100000, 0x00000000dcc20000)
 tenured generation   total 227744K, used 225432K [0x00000000e0e00000, 0x00000000eec68000, 0x00000000f5a00000)
   the space 227744K,  98% used [0x00000000e0e00000, 0x00000000eea262b8, 0x00000000eea26400, 0x00000000eec68000)
 compacting perm gen  total 21248K, used 3082K [0x00000000f5a00000, 0x00000000f6ec0000, 0x0000000100000000)
   the space 21248K,  14% used [0x00000000f5a00000, 0x00000000f5d029b8, 0x00000000f5d02a00, 0x00000000f6ec0000)
No shared spaces configured.
Event: 195.827 GC heap after
Heap after GC invocations=580 (full 7):
 def new generation   total 102528K, used 2146K [0x00000000d6800000, 0x00000000dd740000, 0x00000000e0e00000)
  eden space 91136K,   0% used [0x00000000d6800000, 0x00000000d6800000, 0x00000000dc100000)
  from space 11392K,  18% used [0x00000000dc100000, 0x00000000dc318858, 0x00000000dcc20000)
  to   space 11392K,   0% used [0x00000000dcc20000, 0x00000000dcc20000, 0x00000000dd740000)
 tenured generation   total 227744K, used 225439K [0x00000000e0e00000, 0x00000000eec68000, 0x00000000f5a00000)
   the space 227744K,  98% used [0x00000000e0e00000, 0x00000000eea27e88, 0x00000000eea28000, 0x00000000eec68000)
 compacting perm gen  total 21248K, used 3082K [0x00000000f5a00000, 0x00000000f6ec0000, 0x0000000100000000)
   the space 21248K,  14% used [0x00000000f5a00000, 0x00000000f5d029b8, 0x00000000f5d02a00, 0x00000000f6ec0000)
No shared spaces configured.
}
Event: 195.927 GC heap before
{Heap before GC invocations=580 (full 7):
 def new generation   total 102528K, used 89629K [0x00000000d6800000, 0x00000000dd740000, 0x00000000e0e00000)
  eden space 91136K,  95% used [0x00000000d6800000, 0x00000000dbd6ecb8, 0x00000000dc100000)
  from space 11392K,  18% used [0x00000000dc100000, 0x00000000dc318858, 0x00000000dcc20000)
  to   space 11392K,   0% used [0x00000000dcc20000, 0x00000000dcc20000, 0x00000000dd740000)
 tenured generation   total 227744K, used 225439K [0x00000000e0e00000, 0x00000000eec68000, 0x00000000f5a00000)
   the space 227744K,  98% used [0x00000000e0e00000, 0x00000000eea27e88, 0x00000000eea28000, 0x00000000eec68000)
 compacting perm gen  total 21248K, used 3082K [0x00000000f5a00000, 0x00000000f6ec0000, 0x0000000100000000)
   the space 21248K,  14% used [0x00000000f5a00000, 0x00000000f5d029b8, 0x00000000f5d02a00, 0x00000000f6ec0000)
No shared spaces configured.
Event: 195.929 GC heap after
Heap after GC invocations=581 (full 7):
 def new generation   total 102528K, used 80K [0x00000000d6800000, 0x00000000dd740000, 0x00000000e0e00000)
  eden space 91136K,   0% used [0x00000000d6800000, 0x00000000d6800000, 0x00000000dc100000)
  from space 11392K,   0% used [0x00000000dcc20000, 0x00000000dcc34148, 0x00000000dd740000)
  to   space 11392K,   0% used [0x00000000dc100000, 0x00000000dc100000, 0x00000000dcc20000)
 tenured generation   total 227744K, used 225447K [0x00000000e0e00000, 0x00000000eec68000, 0x00000000f5a00000)
   the space 227744K,  98% used [0x00000000e0e00000, 0x00000000eea29c08, 0x00000000eea29e00, 0x00000000eec68000)
 compacting perm gen  total 21248K, used 3082K [0x00000000f5a00000, 0x00000000f6ec0000, 0x0000000100000000)
   the space 21248K,  14% used [0x00000000f5a00000, 0x00000000f5d029b8, 0x00000000f5d02a00, 0x00000000f6ec0000)
No shared spaces configured.
}
Event: 196.030 GC heap before
{Heap before GC invocations=581 (full 7):
 def new generation   total 102528K, used 91216K [0x00000000d6800000, 0x00000000dd740000, 0x00000000e0e00000)
  eden space 91136K, 100% used [0x00000000d6800000, 0x00000000dc100000, 0x00000000dc100000)
  from space 11392K,   0% used [0x00000000dcc20000, 0x00000000dcc34148, 0x00000000dd740000)
  to   space 11392K,   0% used [0x00000000dc100000, 0x00000000dc100000, 0x00000000dcc20000)
 tenured generation   total 227744K, used 225447K [0x00000000e0e00000, 0x00000000eec68000, 0x00000000f5a00000)
   the space 227744K,  98% used [0x00000000e0e00000, 0x00000000eea29c08, 0x00000000eea29e00, 0x00000000eec68000)
 compacting perm gen  total 21248K, used 3082K [0x00000000f5a00000, 0x00000000f6ec0000, 0x0000000100000000)
   the space 21248K,  14% used [0x00000000f5a00000, 0x00000000f5d029b8, 0x00000000f5d02a00, 0x00000000f6ec0000)
No shared spaces configured.

